\BOOKMARK [1][-]{section*.2}{Acknowledgment}{}% 1
\BOOKMARK [1][-]{section*.3}{Abstract}{}% 2
\BOOKMARK [1][-]{section.1}{Background Project}{}% 3
\BOOKMARK [2][-]{subsection.1.1}{NTNU}{section.1}% 4
\BOOKMARK [2][-]{subsection.1.2}{Project}{section.1}% 5
\BOOKMARK [2][-]{subsection.1.3}{Bhutan "the last Paradise on earth"}{section.1}% 6
\BOOKMARK [2][-]{subsection.1.4}{The Team}{section.1}% 7
\BOOKMARK [3][-]{subsubsection.1.4.1}{Composition}{subsection.1.4}% 8
\BOOKMARK [3][-]{subsubsection.1.4.2}{Tasks}{subsection.1.4}% 9
\BOOKMARK [1][-]{section.2}{Methodology}{}% 10
\BOOKMARK [2][-]{subsection.2.1}{Specification}{section.2}% 11
\BOOKMARK [3][-]{subsubsection.2.1.1}{Power source}{subsection.2.1}% 12
\BOOKMARK [3][-]{subsubsection.2.1.2}{Insolation data analysis and projections}{subsection.2.1}% 13
\BOOKMARK [3][-]{subsubsection.2.1.3}{Data Acquisition}{subsection.2.1}% 14
\BOOKMARK [3][-]{subsubsection.2.1.4}{Direct insolation data}{subsection.2.1}% 15
\BOOKMARK [3][-]{subsubsection.2.1.5}{Temperature data analysis and projections}{subsection.2.1}% 16
\BOOKMARK [3][-]{subsubsection.2.1.6}{Loads profile}{subsection.2.1}% 17
\BOOKMARK [2][-]{subsection.2.2}{State design}{section.2}% 18
\BOOKMARK [3][-]{subsubsection.2.2.1}{Generator power}{subsection.2.2}% 19
\BOOKMARK [3][-]{subsubsection.2.2.2}{Outage voltage}{subsection.2.2}% 20
\BOOKMARK [3][-]{subsubsection.2.2.3}{Load}{subsection.2.2}% 21
\BOOKMARK [2][-]{subsection.2.3}{State design}{section.2}% 22
\BOOKMARK [3][-]{subsubsection.2.3.1}{GitHub}{subsection.2.3}% 23
